Started by user [8mha:////4PG8PLSObF1sI7QtJiaIdYy3Qasw+dRKuKvb6xvOMADIAAAAlx+LCAAAAAAAAP9b85aBtbiIQTGjNKU4P08vOT+vOD8nVc83PyU1x6OyILUoJzMv2y+/JJUBAhiZGBgqihhk0NSjKDWzXb3RdlLBUSYGJk8GtpzUvPSSDB8G5tKinBIGIZ+sxLJE/ZzEvHT94JKizLx0a6BxUmjGOUNodHsLgAyWEgZu/dLi1CL9xJTczDwAZ3pnlMAAAAA=[0mrico
Running in Durability level: MAX_SURVIVABILITY
org.codehaus.groovy.control.MultipleCompilationErrorsException: startup failed:
WorkflowScript: 3: Not a valid section definition: "def remote = [:]". Some extra configuration is required. @ line 3, column 5.
       def remote = [:]
       ^

WorkflowScript: 4: Not a valid section definition: "remote.name = 'Production'". Some extra configuration is required. @ line 4, column 5.
       remote.name = 'Production'
       ^

WorkflowScript: 5: Not a valid section definition: "remote.host = $Host_IP". Some extra configuration is required. @ line 5, column 5.
       remote.host = $Host_IP
       ^

WorkflowScript: 6: Not a valid section definition: "remote.user = 'spadmin'". Some extra configuration is required. @ line 6, column 5.
       remote.user = 'spadmin'
       ^

WorkflowScript: 7: Not a valid section definition: "remote.password = 'SharpEar!'". Some extra configuration is required. @ line 7, column 5.
       remote.password = 'SharpEar!'
       ^

WorkflowScript: 8: Not a valid section definition: "remote.allowAnyHosts = true". Some extra configuration is required. @ line 8, column 5.
       remote.allowAnyHosts = true
       ^

WorkflowScript: 21: Unknown stage section "sshCommand". Starting with version 0.5, steps in a stage must be in a â€˜stepsâ€™ block. @ line 21, column 9.
           stage('Pushing image to remote host') {
           ^

WorkflowScript: 21: Multiple occurrences of the sshCommand section @ line 21, column 9.
           stage('Pushing image to remote host') {
           ^

WorkflowScript: 21: Unknown stage section "sshCommand". Starting with version 0.5, steps in a stage must be in a â€˜stepsâ€™ block. @ line 21, column 9.
           stage('Pushing image to remote host') {
           ^

WorkflowScript: 21: Expected one of "steps", "stages", or "parallel" for stage "Pushing image to remote host" @ line 21, column 9.
           stage('Pushing image to remote host') {
           ^

10 errors

	at org.codehaus.groovy.control.ErrorCollector.failIfErrors(ErrorCollector.java:310)
	at org.codehaus.groovy.control.CompilationUnit.applyToPrimaryClassNodes(CompilationUnit.java:1085)
	at org.codehaus.groovy.control.CompilationUnit.doPhaseOperation(CompilationUnit.java:603)
	at org.codehaus.groovy.control.CompilationUnit.processPhaseOperations(CompilationUnit.java:581)
	at org.codehaus.groovy.control.CompilationUnit.compile(CompilationUnit.java:558)
	at groovy.lang.GroovyClassLoader.doParseClass(GroovyClassLoader.java:298)
	at groovy.lang.GroovyClassLoader.parseClass(GroovyClassLoader.java:268)
	at groovy.lang.GroovyShell.parseClass(GroovyShell.java:688)
	at groovy.lang.GroovyShell.parse(GroovyShell.java:700)
	at org.jenkinsci.plugins.workflow.cps.CpsGroovyShell.doParse(CpsGroovyShell.java:142)
	at org.jenkinsci.plugins.workflow.cps.CpsGroovyShell.reparse(CpsGroovyShell.java:127)
	at org.jenkinsci.plugins.workflow.cps.CpsFlowExecution.parseScript(CpsFlowExecution.java:571)
	at org.jenkinsci.plugins.workflow.cps.CpsFlowExecution.start(CpsFlowExecution.java:523)
	at org.jenkinsci.plugins.workflow.job.WorkflowRun.run(WorkflowRun.java:337)
	at hudson.model.ResourceController.execute(ResourceController.java:97)
	at hudson.model.Executor.run(Executor.java:429)
Finished: FAILURE
